gpasm-1.5.0 #1285 (Sep 12 2016) obj\Debug\uti   7-19-2020  03:04:23         PAGE  1


LOC    OBJECT CODE    LINE  SOURCE TEXT
  VALUE

                      00001 ;--------------------------------------------------------
                      00002 ; File Created by SDCC : free open source ANSI-C Compiler
                      00003 ; Version 4.0.0 #11528 (MINGW64)
                      00004 ;--------------------------------------------------------
                      00005 ; PIC port for the 14-bit core
                      00006 ;--------------------------------------------------------
                      00007         .file   "utilities.c"
                      00008         list    p=16f877a
                      00009         radix dec
                      00010         include "p16f877a.inc"
                      00001         LIST
                      00002 
                      00003 ;==========================================================================
                      00004 ; Build date : Oct 21 2015
                      00005 ;  MPASM PIC16F877A processor include
                      00006 ; 
                      00007 ;  (c) Copyright 1999-2015 Microchip Technology, All rights reserved
                      00008 ;==========================================================================
                      00009 
                      00567         LIST
                      00011 ;--------------------------------------------------------
                      00012 ; external declarations
                      00013 ;--------------------------------------------------------
                      00014 
  0000                00015         extern PSAVE
  0000                00016         extern SSAVE
  0000                00017         extern WSAVE
  0000                00018         extern STK12
  0000                00019         extern STK11
  0000                00020         extern STK10
  0000                00021         extern STK09
  0000                00022         extern STK08
  0000                00023         extern STK07
  0000                00024         extern STK06
  0000                00025         extern STK05
  0000                00026         extern STK04
  0000                00027         extern STK03
  0000                00028         extern STK02
  0000                00029         extern STK01
  0000                00030         extern STK00
                      00031 ;--------------------------------------------------------
                      00032 ; global declarations
                      00033 ;--------------------------------------------------------
  0000                00034         global  _UTIL_DelayMS
                      00035 
                      00036 ;--------------------------------------------------------
                      00037 ; global definitions
                      00038 ;--------------------------------------------------------
                      00039 ;--------------------------------------------------------
                      00040 ; absolute symbol definitions
                      00041 ;--------------------------------------------------------
                      00042 ;--------------------------------------------------------
                      00043 ; compiler-defined variables
gpasm-1.5.0 #1285 (Sep 12 2016) obj\Debug\uti   7-19-2020  03:04:23         PAGE  2


LOC    OBJECT CODE    LINE  SOURCE TEXT
  VALUE

                      00044 ;--------------------------------------------------------
                      00045 UDL_utilities_0 udata
0000                  00046 r0x1000 res     1
0001                  00047 r0x1001 res     1
0002                  00048 r0x1002 res     1
0003                  00049 r0x1003 res     1
0004                  00050 r0x1004 res     1
0005                  00051 r0x1005 res     1
0006                  00052 r0x1006 res     1
                      00053 ;--------------------------------------------------------
                      00054 ; initialized data
                      00055 ;--------------------------------------------------------
                      00056 ;--------------------------------------------------------
                      00057 ; initialized absolute data
                      00058 ;--------------------------------------------------------
                      00059 ;--------------------------------------------------------
                      00060 ; overlayable items in internal ram 
                      00061 ;--------------------------------------------------------
                      00062 ;       udata_ovr
                      00063 ;--------------------------------------------------------
                      00064 ; code
                      00065 ;--------------------------------------------------------
                      00066 code_utilities  code
                      00067 ;***
                      00068 ;  pBlock Stats: dbName = C
                      00069 ;***
                      00070 ;has an exit
                      00071 ;7 compiler assigned registers:
                      00072 ;   r0x1000
                      00073 ;   r0x1001
                      00074 ;   r0x1002
                      00075 ;   r0x1003
                      00076 ;   r0x1004
                      00077 ;   r0x1005
                      00078 ;   r0x1006
                      00079 ;; Starting pCode block
                      00080 ;;; /home/sdcc-builder/build/sdcc-build/orig/sdcc/src/pic14/gen.c:2358:resultRemat *{*
                      00081 ;;; /home/sdcc-builder/build/sdcc-build/orig/sdcc/src/pic14/gen.c:2802:genLabel *{*
                      00082 ;; ***  genLabel  2805
                      00083 ;;; /home/sdcc-builder/build/sdcc-build/orig/sdcc/src/pic14/gen.c:2358:resultRemat *{*
                      00084 ;;; /home/sdcc-builder/build/sdcc-build/orig/sdcc/src/pic14/gen.c:2382:genFunction *{*
                      00085 ;; ***  genFunction  2384 curr label offset=0previous max_key=0 
                      00086 S_utilities__UTIL_DelayMS       code
0000                  00087 _UTIL_DelayMS:
                      00088 ; 2 exit points
                      00089 ;;; /home/sdcc-builder/build/sdcc-build/orig/sdcc/src/pic14/gen.c:2358:resultRemat *{*
                      00090 ;;; /home/sdcc-builder/build/sdcc-build/orig/sdcc/src/pic14/gen.c:7642:genReceive *{*
                      00091 ;; ***  genReceive  7643
                      00092 ;;      708 register type nRegs=1
                      00093 ;;; /home/sdcc-builder/build/sdcc-build/orig/sdcc/src/pic14/gen.c:1929:assignResultValue *{*
                      00094 ;; ***  assignResultValue  1931
                      00095 ;;      line = 1933 result -=-, size=0, left AOP_REG=r0x1045, size=1, right -=-, size=0
                      00096 ;; >>> /home/sdcc-builder/build/sdcc-build/orig/sdcc/src/pic14/gen.c:1407:movwf
gpasm-1.5.0 #1285 (Sep 12 2016) obj\Debug\uti   7-19-2020  03:04:23         PAGE  3


LOC    OBJECT CODE    LINE  SOURCE TEXT
  VALUE

                      00097 ;;      1126 rIdx = r0x1045 
                      00098         .line   3; "utilities.c"        void UTIL_DelayMS(unsigned char delay_ms)
0000   0??? 0???      00099         BANKSEL r0x1000
0002   00??           00100         MOVWF   r0x1000
                      00101 ;;; /home/sdcc-builder/build/sdcc-build/orig/sdcc/src/pic14/gen.c:2358:resultRemat *{*
                      00102 ;;; /home/sdcc-builder/build/sdcc-build/orig/sdcc/src/pic14/gen.c:7192:genAssign *{*
                      00103 ;; ***  genAssign  7193
                      00104 ;;      708 register type nRegs=2
                      00105 ;;      line = 7202 result AOP_REG=r0x1046, size=2, left -=-, size=0, right AOP_LIT=0x00, size=2
                      00106 ;; ***  genAssign  7286
                      00107 ;; >>> /home/sdcc-builder/build/sdcc-build/orig/sdcc/src/pic14/gen.c:7298:genAssign
                      00108 ;;      1126 rIdx = r0x1046 
                      00109         .line   8; "utilities.c"        for (x = 0; x < delay_ms; x++)
0003   01??           00110         CLRF    r0x1001
                      00111 ;; ***  genAssign  7286
                      00112 ;; >>> /home/sdcc-builder/build/sdcc-build/orig/sdcc/src/pic14/gen.c:7298:genAssign
                      00113 ;;      1126 rIdx = r0x1047 
0004   01??           00114         CLRF    r0x1002
                      00115 ;;; /home/sdcc-builder/build/sdcc-build/orig/sdcc/src/pic14/gen.c:2358:resultRemat *{*
                      00116 ;;; /home/sdcc-builder/build/sdcc-build/orig/sdcc/src/pic14/gen.c:2802:genLabel *{*
                      00117 ;; ***  genLabel  2805
                      00118 ;;; /home/sdcc-builder/build/sdcc-build/orig/sdcc/src/pic14/gen.c:2358:resultRemat *{*
                      00119 ;;; /home/sdcc-builder/build/sdcc-build/orig/sdcc/src/pic14/gen.c:7386:genCast *{*
                      00120 ;; ***  genCast  7387
                      00121 ;;      708 register type nRegs=1
                      00122 ;;      708 register type nRegs=2
                      00123 ;;      line = 7395 result AOP_REG=r0x1048, size=2, left -=-, size=0, right AOP_REG=r0x1045, size=1
                      00124 ;; >>> /home/sdcc-builder/build/sdcc-build/orig/sdcc/src/pic14/gen.c:7582:genCast
                      00125 ;;      1126 rIdx = r0x1045 
0005                  00126 _00111_DS_:
0005   0??? 0???      00127         BANKSEL r0x1000
0007   08??           00128         MOVF    r0x1000,W
                      00129 ;; >>> /home/sdcc-builder/build/sdcc-build/orig/sdcc/src/pic14/gen.c:7583:genCast
                      00130 ;;      1126 rIdx = r0x1048 
0008   00??           00131         MOVWF   r0x1003
                      00132 ;; ***  addSign  1087
                      00133 ;;; /home/sdcc-builder/build/sdcc-build/orig/sdcc/src/pic14/genarith.c:1088:addSign *{*
                      00134 ;; >>> /home/sdcc-builder/build/sdcc-build/orig/sdcc/src/pic14/genarith.c:1107:addSign
                      00135 ;;      1126 rIdx = r0x1049 
0009   01??           00136         CLRF    r0x1004
                      00137 ;;; /home/sdcc-builder/build/sdcc-build/orig/sdcc/src/pic14/gen.c:2358:resultRemat *{*
                      00138 ;;; /home/sdcc-builder/build/sdcc-build/orig/sdcc/src/pic14/gen.c:3652:genCmpLt *{*
                      00139 ;; ***  genCmpLt  3653
                      00140 ;;      708 register type nRegs=2
                      00141 ;;      708 register type nRegs=2
                      00142 ;;; /home/sdcc-builder/build/sdcc-build/orig/sdcc/src/pic14/gen.c:3354:genCmp *{*
                      00143 ;; >>> /home/sdcc-builder/build/sdcc-build/orig/sdcc/src/pic14/gen.c:3329:pic14_mov2w_regOrLit
                      00144 ;;      1126 rIdx = r0x1049 
000A   3000           00145         MOVLW   0x00
                      00146 ;; >>> /home/sdcc-builder/build/sdcc-build/orig/sdcc/src/pic14/gen.c:3492:genCmp
                      00147 ;;      1126 rIdx = r0x1047 
000B   02??           00148         SUBWF   r0x1002,W
                      00149 ;; >>> /home/sdcc-builder/build/sdcc-build/orig/sdcc/src/pic14/gen.c:3537:genCmp
gpasm-1.5.0 #1285 (Sep 12 2016) obj\Debug\uti   7-19-2020  03:04:23         PAGE  4


LOC    OBJECT CODE    LINE  SOURCE TEXT
  VALUE

000C   1D03           00150         BTFSS   STATUS,2
                      00151 ;; >>> /home/sdcc-builder/build/sdcc-build/orig/sdcc/src/pic14/gen.c:3545:genCmp
                      00152 ;; ***  popGetLabel  key=28, label offset 4
000D   2???           00153         GOTO    _00132_DS_
                      00154 ;; >>> /home/sdcc-builder/build/sdcc-build/orig/sdcc/src/pic14/gen.c:3329:pic14_mov2w_regOrLit
                      00155 ;;      1126 rIdx = r0x1048 
000E   08??           00156         MOVF    r0x1003,W
                      00157 ;; >>> /home/sdcc-builder/build/sdcc-build/orig/sdcc/src/pic14/gen.c:3549:genCmp
                      00158 ;;      1126 rIdx = r0x1046 
000F   02??           00159         SUBWF   r0x1001,W
                      00160 ;;; /home/sdcc-builder/build/sdcc-build/orig/sdcc/src/pic14/gen.c:3297:genSkipc *{*
                      00161 ;; >>> /home/sdcc-builder/build/sdcc-build/orig/sdcc/src/pic14/gen.c:3302:genSkipc
0010                  00162 _00132_DS_:
0010   1803           00163         BTFSC   STATUS,0
                      00164 ;; >>> /home/sdcc-builder/build/sdcc-build/orig/sdcc/src/pic14/gen.c:3306:genSkipc
                      00165 ;; ***  popGetLabel  key=9, label offset 4
0011   2???           00166         GOTO    _00113_DS_
                      00167 ;;genSkipc:3307: created from rifx:00000000047A57B0
                      00168 ;;; /home/sdcc-builder/build/sdcc-build/orig/sdcc/src/pic14/gen.c:2358:resultRemat *{*
                      00169 ;;; /home/sdcc-builder/build/sdcc-build/orig/sdcc/src/pic14/gen.c:2358:resultRemat *{*
                      00170 ;;; /home/sdcc-builder/build/sdcc-build/orig/sdcc/src/pic14/gen.c:7192:genAssign *{*
                      00171 ;; ***  genAssign  7193
                      00172 ;;      708 register type nRegs=2
                      00173 ;;      line = 7202 result AOP_REG=r0x1048, size=2, left -=-, size=0, right AOP_LIT=0x78, size=2
                      00174 ;; ***  genAssign  7286
                      00175 ;; >>> /home/sdcc-builder/build/sdcc-build/orig/sdcc/src/pic14/gen.c:7293:genAssign
                      00176         .line   10; "utilities.c"       for(y = 0; y <120; y++)
0012   3078           00177         MOVLW   0x78
                      00178 ;; >>> /home/sdcc-builder/build/sdcc-build/orig/sdcc/src/pic14/gen.c:7295:genAssign
                      00179 ;;      1126 rIdx = r0x1048 
0013   0??? 0???      00180         BANKSEL r0x1003
0015   00??           00181         MOVWF   r0x1003
                      00182 ;; ***  genAssign  7286
                      00183 ;; >>> /home/sdcc-builder/build/sdcc-build/orig/sdcc/src/pic14/gen.c:7298:genAssign
                      00184 ;;      1126 rIdx = r0x1049 
0016   01??           00185         CLRF    r0x1004
                      00186 ;;; /home/sdcc-builder/build/sdcc-build/orig/sdcc/src/pic14/gen.c:2358:resultRemat *{*
                      00187 ;;; /home/sdcc-builder/build/sdcc-build/orig/sdcc/src/pic14/gen.c:2802:genLabel *{*
                      00188 ;; ***  genLabel  2805
                      00189 ;;; /home/sdcc-builder/build/sdcc-build/orig/sdcc/src/pic14/gen.c:2358:resultRemat *{*
                      00190 ;;; /home/sdcc-builder/build/sdcc-build/orig/sdcc/src/pic14/gen.c:7601:genDjnz *{*
                      00191 ;; ***  genDjnz  7602
                      00192 ;;; /home/sdcc-builder/build/sdcc-build/orig/sdcc/src/pic14/genarith.c:1122:genMinus *{*
                      00193 ;; ***  genMinus  1123
                      00194 ;;      708 register type nRegs=2
                      00195 ;;      708 register type nRegs=2
                      00196 ;;      result AOP_REG, left AOP_REG, right AOP_LIT
                      00197 ;;; /home/sdcc-builder/build/sdcc-build/orig/sdcc/src/pic14/genarith.c:286:genAddLit *{*
                      00198 ;; ***  genAddLit  287
                      00199 ;;  left and result aren't same genAddLit  537
                      00200 ;; >>> /home/sdcc-builder/build/sdcc-build/orig/sdcc/src/pic14/genarith.c:601:genAddLit
0017                  00201 _00109_DS_:
0017   30FF           00202         MOVLW   0xff
gpasm-1.5.0 #1285 (Sep 12 2016) obj\Debug\uti   7-19-2020  03:04:23         PAGE  5


LOC    OBJECT CODE    LINE  SOURCE TEXT
  VALUE

                      00203 ;; >>> /home/sdcc-builder/build/sdcc-build/orig/sdcc/src/pic14/genarith.c:602:genAddLit
                      00204 ;;      1126 rIdx = r0x1048 
0018   0??? 0???      00205         BANKSEL r0x1003
001A   07??           00206         ADDWF   r0x1003,W
                      00207 ;;; /home/sdcc-builder/build/sdcc-build/orig/sdcc/src/pic14/genarith.c:270:emitMOVWF *{*
                      00208 ;; >>> /home/sdcc-builder/build/sdcc-build/orig/sdcc/src/pic14/genarith.c:274:emitMOVWF
                      00209 ;;      1126 rIdx = r0x104A 
001B   00??           00210         MOVWF   r0x1005
                      00211 ;; >>> /home/sdcc-builder/build/sdcc-build/orig/sdcc/src/pic14/genarith.c:658:genAddLit
001C   30FF           00212         MOVLW   0xff
                      00213 ;;; /home/sdcc-builder/build/sdcc-build/orig/sdcc/src/pic14/genarith.c:270:emitMOVWF *{*
                      00214 ;; >>> /home/sdcc-builder/build/sdcc-build/orig/sdcc/src/pic14/genarith.c:274:emitMOVWF
                      00215 ;;      1126 rIdx = r0x104B 
001D   00??           00216         MOVWF   r0x1006
                      00217 ;; >>> /home/sdcc-builder/build/sdcc-build/orig/sdcc/src/pic14/genarith.c:660:genAddLit
                      00218 ;;      1126 rIdx = r0x1049 
001E   08??           00219         MOVF    r0x1004,W
                      00220 ;; >>> /home/sdcc-builder/build/sdcc-build/orig/sdcc/src/pic14/genarith.c:661:genAddLit
001F   1803           00221         BTFSC   STATUS,0
                      00222 ;; >>> /home/sdcc-builder/build/sdcc-build/orig/sdcc/src/pic14/genarith.c:662:genAddLit
                      00223 ;;      1126 rIdx = r0x1049 
0020   0F??           00224         INCFSZ  r0x1004,W
                      00225 ;; >>> /home/sdcc-builder/build/sdcc-build/orig/sdcc/src/pic14/genarith.c:663:genAddLit
                      00226 ;;      1126 rIdx = r0x104B 
0021   07??           00227         ADDWF   r0x1006,F
                      00228 ;; ***  addSign  1087
                      00229 ;;; /home/sdcc-builder/build/sdcc-build/orig/sdcc/src/pic14/genarith.c:1088:addSign *{*
                      00230 ;;; /home/sdcc-builder/build/sdcc-build/orig/sdcc/src/pic14/gen.c:2358:resultRemat *{*
                      00231 ;;; /home/sdcc-builder/build/sdcc-build/orig/sdcc/src/pic14/gen.c:7192:genAssign *{*
                      00232 ;; ***  genAssign  7193
                      00233 ;;      708 register type nRegs=2
                      00234 ;;      708 register type nRegs=2
                      00235 ;;      line = 7202 result AOP_REG=r0x1048, size=2, left -=-, size=0, right AOP_REG=r0x104A, size=2
                      00236 ;; ***  genAssign  7286
                      00237 ;;; /home/sdcc-builder/build/sdcc-build/orig/sdcc/src/pic14/gen.c:1357:mov2w_op *{*
                      00238 ;; ***  mov2w  1395  offset=0
                      00239 ;; >>> /home/sdcc-builder/build/sdcc-build/orig/sdcc/src/pic14/gen.c:1400:mov2w
                      00240 ;;      1126 rIdx = r0x104A 
0022   08??           00241         MOVF    r0x1005,W
                      00242 ;; >>> /home/sdcc-builder/build/sdcc-build/orig/sdcc/src/pic14/gen.c:7313:genAssign
                      00243 ;;      1126 rIdx = r0x1048 
0023   00??           00244         MOVWF   r0x1003
                      00245 ;; ***  genAssign  7286
                      00246 ;;; /home/sdcc-builder/build/sdcc-build/orig/sdcc/src/pic14/gen.c:1357:mov2w_op *{*
                      00247 ;; ***  mov2w  1395  offset=1
                      00248 ;; >>> /home/sdcc-builder/build/sdcc-build/orig/sdcc/src/pic14/gen.c:1400:mov2w
                      00249 ;;      1126 rIdx = r0x104B 
0024   08??           00250         MOVF    r0x1006,W
                      00251 ;; >>> /home/sdcc-builder/build/sdcc-build/orig/sdcc/src/pic14/gen.c:7313:genAssign
                      00252 ;;      1126 rIdx = r0x1049 
0025   00??           00253         MOVWF   r0x1004
                      00254 ;;; /home/sdcc-builder/build/sdcc-build/orig/sdcc/src/pic14/gen.c:2358:resultRemat *{*
                      00255 ;;; /home/sdcc-builder/build/sdcc-build/orig/sdcc/src/pic14/gen.c:7024:genIfx *{*
gpasm-1.5.0 #1285 (Sep 12 2016) obj\Debug\uti   7-19-2020  03:04:23         PAGE  6


LOC    OBJECT CODE    LINE  SOURCE TEXT
  VALUE

                      00256 ;; ***  genIfx  7025
                      00257 ;;      708 register type nRegs=2
                      00258 ;; ***  pic14_toBoolean  1515
                      00259 ;; ***  mov2w  1395  offset=1
                      00260 ;; >>> /home/sdcc-builder/build/sdcc-build/orig/sdcc/src/pic14/gen.c:1400:mov2w
                      00261 ;;      1126 rIdx = r0x104B 
0026   08??           00262         MOVF    r0x1006,W
                      00263 ;; >>> /home/sdcc-builder/build/sdcc-build/orig/sdcc/src/pic14/gen.c:1533:pic14_toBoolean
                      00264 ;;      1126 rIdx = r0x104A 
0027   04??           00265         IORWF   r0x1005,W
                      00266 ;; >>> /home/sdcc-builder/build/sdcc-build/orig/sdcc/src/pic14/gen.c:7073:genIfx
0028   1D03           00267         BTFSS   STATUS,2
                      00268 ;; >>> /home/sdcc-builder/build/sdcc-build/orig/sdcc/src/pic14/gen.c:7074:genIfx
                      00269 ;; ***  popGetLabel  key=5, label offset 4
0029   2???           00270         GOTO    _00109_DS_
                      00271 ;;; /home/sdcc-builder/build/sdcc-build/orig/sdcc/src/pic14/gen.c:2358:resultRemat *{*
                      00272 ;; ***  genPlus  707
                      00273 ;;; /home/sdcc-builder/build/sdcc-build/orig/sdcc/src/pic14/genarith.c:708:genPlus *{*
                      00274 ;;      708 register type nRegs=2
                      00275 ;;      589
                      00276 ;;      line = 714 result AOP_REG=r0x1046, size=2, left AOP_REG=r0x1046, size=2, right AOP_LIT=0x01, siz
                            e=1
                      00277 ;;; /home/sdcc-builder/build/sdcc-build/orig/sdcc/src/pic14/genarith.c:159:genPlusIncr *{*
                      00278 ;; ***  genPlusIncr  161
                      00279 ;;      result AOP_REG, left AOP_REG, right AOP_LIT
                      00280 ;;      genPlusIncr  173
                      00281 ;; >>> /home/sdcc-builder/build/sdcc-build/orig/sdcc/src/pic14/genarith.c:185:genPlusIncr
                      00282 ;;      1126 rIdx = r0x1046 
                      00283         .line   8; "utilities.c"        for (x = 0; x < delay_ms; x++)
002A   0A??           00284         INCF    r0x1001,F
                      00285 ;; >>> /home/sdcc-builder/build/sdcc-build/orig/sdcc/src/pic14/genarith.c:189:genPlusIncr
002B   1903           00286         BTFSC   STATUS,2
                      00287 ;; >>> /home/sdcc-builder/build/sdcc-build/orig/sdcc/src/pic14/genarith.c:190:genPlusIncr
                      00288 ;;      1126 rIdx = r0x1047 
002C   0A??           00289         INCF    r0x1002,F
                      00290 ;;; /home/sdcc-builder/build/sdcc-build/orig/sdcc/src/pic14/gen.c:2358:resultRemat *{*
                      00291 ;;; /home/sdcc-builder/build/sdcc-build/orig/sdcc/src/pic14/gen.c:2820:genGoto *{*
                      00292 ;; >>> /home/sdcc-builder/build/sdcc-build/orig/sdcc/src/pic14/gen.c:2822:genGoto
                      00293 ;; ***  popGetLabel  key=7, label offset 4
002D   2???           00294         GOTO    _00111_DS_
                      00295 ;;; /home/sdcc-builder/build/sdcc-build/orig/sdcc/src/pic14/gen.c:2358:resultRemat *{*
                      00296 ;;; /home/sdcc-builder/build/sdcc-build/orig/sdcc/src/pic14/gen.c:2802:genLabel *{*
                      00297 ;; ***  genLabel  2805
                      00298 ;;; /home/sdcc-builder/build/sdcc-build/orig/sdcc/src/pic14/gen.c:2358:resultRemat *{*
                      00299 ;;; /home/sdcc-builder/build/sdcc-build/orig/sdcc/src/pic14/gen.c:2570:genEndFunction *{*
                      00300 ;; ***  genEndFunction  2572
002E                  00301 _00113_DS_:
                      00302         .line   16; "utilities.c"       }
002E   0008           00303         RETURN  
                      00304 ; exit point of _UTIL_DelayMS
                      00305 
                      00306 
                      00307 ;       code size estimation:
gpasm-1.5.0 #1285 (Sep 12 2016) obj\Debug\uti   7-19-2020  03:04:23         PAGE  7


LOC    OBJECT CODE    LINE  SOURCE TEXT
  VALUE

                      00308 ;          39+    4 =    43 instructions (   94 byte)
                      00309 
                      00310         end
gpasm-1.5.0 #1285 (Sep 12 2016) obj\Debug\uti   7-19-2020  03:04:23         PAGE  8


SYMBOL TABLE
  LABEL                              TYPE        VALUE         VALUE          VALUE
                                                 (hex)         (dec)          (text)

ACKDT                             CONSTANT      00000005              5
ACKEN                             CONSTANT      00000004              4
ACKSTAT                           CONSTANT      00000006              6
ADCON0                            CONSTANT      0000001F             31
ADCON1                            CONSTANT      0000009F            159
ADCS0                             CONSTANT      00000006              6
ADCS1                             CONSTANT      00000007              7
ADCS2                             CONSTANT      00000006              6
ADDEN                             CONSTANT      00000003              3
ADFM                              CONSTANT      00000007              7
ADIE                              CONSTANT      00000006              6
ADIF                              CONSTANT      00000006              6
ADON                              CONSTANT      00000000              0
ADRESH                            CONSTANT      0000001E             30
ADRESL                            CONSTANT      0000009E            158
BCLIE                             CONSTANT      00000003              3
BCLIF                             CONSTANT      00000003              3
BF                                CONSTANT      00000000              0
BRGH                              CONSTANT      00000002              2
C                                 CONSTANT      00000000              0
C1INV                             CONSTANT      00000004              4
C1OUT                             CONSTANT      00000006              6
C2INV                             CONSTANT      00000005              5
C2OUT                             CONSTANT      00000007              7
CCP1CON                           CONSTANT      00000017             23
CCP1IE                            CONSTANT      00000002              2
CCP1IF                            CONSTANT      00000002              2
CCP1M0                            CONSTANT      00000000              0
CCP1M1                            CONSTANT      00000001              1
CCP1M2                            CONSTANT      00000002              2
CCP1M3                            CONSTANT      00000003              3
CCP1X                             CONSTANT      00000005              5
CCP1Y                             CONSTANT      00000004              4
CCP2CON                           CONSTANT      0000001D             29
CCP2IE                            CONSTANT      00000000              0
CCP2IF                            CONSTANT      00000000              0
CCP2M0                            CONSTANT      00000000              0
CCP2M1                            CONSTANT      00000001              1
CCP2M2                            CONSTANT      00000002              2
CCP2M3                            CONSTANT      00000003              3
CCP2X                             CONSTANT      00000005              5
CCP2Y                             CONSTANT      00000004              4
CCPR1                             CONSTANT      00000015             21
CCPR1H                            CONSTANT      00000016             22
CCPR1L                            CONSTANT      00000015             21
CCPR2                             CONSTANT      0000001B             27
CCPR2H                            CONSTANT      0000001C             28
CCPR2L                            CONSTANT      0000001B             27
CHS0                              CONSTANT      00000003              3
CHS1                              CONSTANT      00000004              4
CHS2                              CONSTANT      00000005              5
CIS                               CONSTANT      00000003              3
gpasm-1.5.0 #1285 (Sep 12 2016) obj\Debug\uti   7-19-2020  03:04:23         PAGE  9


SYMBOL TABLE
  LABEL                              TYPE        VALUE         VALUE          VALUE
                                                 (hex)         (dec)          (text)

CKE                               CONSTANT      00000006              6
CKP                               CONSTANT      00000004              4
CM0                               CONSTANT      00000000              0
CM1                               CONSTANT      00000001              1
CM2                               CONSTANT      00000002              2
CMCON                             CONSTANT      0000009C            156
CMIE                              CONSTANT      00000006              6
CMIF                              CONSTANT      00000006              6
CREN                              CONSTANT      00000004              4
CSRC                              CONSTANT      00000007              7
CVR0                              CONSTANT      00000000              0
CVR1                              CONSTANT      00000001              1
CVR2                              CONSTANT      00000002              2
CVR3                              CONSTANT      00000003              3
CVRCON                            CONSTANT      0000009D            157
CVREN                             CONSTANT      00000007              7
CVROE                             CONSTANT      00000006              6
CVRR                              CONSTANT      00000005              5
D                                 CONSTANT      00000005              5
DATA_ADDRESS                      CONSTANT      00000005              5
DC                                CONSTANT      00000001              1
D_A                               CONSTANT      00000005              5
D_NOT_A                           CONSTANT      00000005              5
EEADR                             CONSTANT      0000010D            269
EEADRH                            CONSTANT      0000010F            271
EECON1                            CONSTANT      0000018C            396
EECON2                            CONSTANT      0000018D            397
EEDATA                            CONSTANT      0000010C            268
EEDATH                            CONSTANT      0000010E            270
EEIE                              CONSTANT      00000004              4
EEIF                              CONSTANT      00000004              4
EEPGD                             CONSTANT      00000007              7
F                                 CONSTANT      00000001              1
FERR                              CONSTANT      00000002              2
FSR                               CONSTANT      00000004              4
GCEN                              CONSTANT      00000007              7
GIE                               CONSTANT      00000007              7
GO                                CONSTANT      00000002              2
GO_DONE                           CONSTANT      00000002              2
GO_NOT_DONE                       CONSTANT      00000002              2
I2C_DATA                          CONSTANT      00000005              5
I2C_READ                          CONSTANT      00000002              2
I2C_START                         CONSTANT      00000003              3
I2C_STOP                          CONSTANT      00000004              4
IBF                               CONSTANT      00000007              7
IBOV                              CONSTANT      00000005              5
INDF                              CONSTANT      00000000              0
INTCON                            CONSTANT      0000000B             11
INTE                              CONSTANT      00000004              4
INTEDG                            CONSTANT      00000006              6
INTF                              CONSTANT      00000001              1
IRP                               CONSTANT      00000007              7
gpasm-1.5.0 #1285 (Sep 12 2016) obj\Debug\uti   7-19-2020  03:04:23         PAGE 10


SYMBOL TABLE
  LABEL                              TYPE        VALUE         VALUE          VALUE
                                                 (hex)         (dec)          (text)

NOT_A                             CONSTANT      00000005              5
NOT_ADDRESS                       CONSTANT      00000005              5
NOT_BO                            CONSTANT      00000000              0
NOT_BOR                           CONSTANT      00000000              0
NOT_DONE                          CONSTANT      00000002              2
NOT_PD                            CONSTANT      00000003              3
NOT_POR                           CONSTANT      00000001              1
NOT_RBPU                          CONSTANT      00000007              7
NOT_RC8                           CONSTANT      00000006              6
NOT_T1SYNC                        CONSTANT      00000002              2
NOT_TO                            CONSTANT      00000004              4
NOT_TX8                           CONSTANT      00000006              6
NOT_W                             CONSTANT      00000002              2
NOT_WRITE                         CONSTANT      00000002              2
OBF                               CONSTANT      00000006              6
OERR                              CONSTANT      00000001              1
OPTION_REG                        CONSTANT      00000081            129
P                                 CONSTANT      00000004              4
PCFG0                             CONSTANT      00000000              0
PCFG1                             CONSTANT      00000001              1
PCFG2                             CONSTANT      00000002              2
PCFG3                             CONSTANT      00000003              3
PCL                               CONSTANT      00000002              2
PCLATH                            CONSTANT      0000000A             10
PCON                              CONSTANT      0000008E            142
PEIE                              CONSTANT      00000006              6
PEN                               CONSTANT      00000002              2
PIE1                              CONSTANT      0000008C            140
PIE2                              CONSTANT      0000008D            141
PIR1                              CONSTANT      0000000C             12
PIR2                              CONSTANT      0000000D             13
PORTA                             CONSTANT      00000005              5
PORTB                             CONSTANT      00000006              6
PORTC                             CONSTANT      00000007              7
PORTD                             CONSTANT      00000008              8
PORTE                             CONSTANT      00000009              9
PR2                               CONSTANT      00000092            146
PS0                               CONSTANT      00000000              0
PS1                               CONSTANT      00000001              1
PS2                               CONSTANT      00000002              2
PSA                               CONSTANT      00000003              3
PSAVE                             EXTERNAL      00000000              0
PSPIE                             CONSTANT      00000007              7
PSPIF                             CONSTANT      00000007              7
PSPMODE                           CONSTANT      00000004              4
R                                 CONSTANT      00000002              2
RA0                               CONSTANT      00000000              0
RA1                               CONSTANT      00000001              1
RA2                               CONSTANT      00000002              2
RA3                               CONSTANT      00000003              3
RA4                               CONSTANT      00000004              4
RA5                               CONSTANT      00000005              5
gpasm-1.5.0 #1285 (Sep 12 2016) obj\Debug\uti   7-19-2020  03:04:23         PAGE 11


SYMBOL TABLE
  LABEL                              TYPE        VALUE         VALUE          VALUE
                                                 (hex)         (dec)          (text)

RB0                               CONSTANT      00000000              0
RB1                               CONSTANT      00000001              1
RB2                               CONSTANT      00000002              2
RB3                               CONSTANT      00000003              3
RB4                               CONSTANT      00000004              4
RB5                               CONSTANT      00000005              5
RB6                               CONSTANT      00000006              6
RB7                               CONSTANT      00000007              7
RBIE                              CONSTANT      00000003              3
RBIF                              CONSTANT      00000000              0
RC0                               CONSTANT      00000000              0
RC1                               CONSTANT      00000001              1
RC2                               CONSTANT      00000002              2
RC3                               CONSTANT      00000003              3
RC4                               CONSTANT      00000004              4
RC5                               CONSTANT      00000005              5
RC6                               CONSTANT      00000006              6
RC7                               CONSTANT      00000007              7
RC8_9                             CONSTANT      00000006              6
RC9                               CONSTANT      00000006              6
RCD8                              CONSTANT      00000000              0
RCEN                              CONSTANT      00000003              3
RCIE                              CONSTANT      00000005              5
RCIF                              CONSTANT      00000005              5
RCREG                             CONSTANT      0000001A             26
RCSTA                             CONSTANT      00000018             24
RD                                CONSTANT      00000000              0
RD0                               CONSTANT      00000000              0
RD1                               CONSTANT      00000001              1
RD2                               CONSTANT      00000002              2
RD3                               CONSTANT      00000003              3
RD4                               CONSTANT      00000004              4
RD5                               CONSTANT      00000005              5
RD6                               CONSTANT      00000006              6
RD7                               CONSTANT      00000007              7
RE0                               CONSTANT      00000000              0
RE1                               CONSTANT      00000001              1
RE2                               CONSTANT      00000002              2
READ_WRITE                        CONSTANT      00000002              2
RP0                               CONSTANT      00000005              5
RP1                               CONSTANT      00000006              6
RSEN                              CONSTANT      00000001              1
RX9                               CONSTANT      00000006              6
RX9D                              CONSTANT      00000000              0
R_NOT_W                           CONSTANT      00000002              2
R_W                               CONSTANT      00000002              2
S                                 CONSTANT      00000003              3
SEN                               CONSTANT      00000000              0
SMP                               CONSTANT      00000007              7
SPBRG                             CONSTANT      00000099            153
SPEN                              CONSTANT      00000007              7
SREN                              CONSTANT      00000005              5
gpasm-1.5.0 #1285 (Sep 12 2016) obj\Debug\uti   7-19-2020  03:04:23         PAGE 12


SYMBOL TABLE
  LABEL                              TYPE        VALUE         VALUE          VALUE
                                                 (hex)         (dec)          (text)

SSAVE                             EXTERNAL      00000000              0
SSPADD                            CONSTANT      00000093            147
SSPBUF                            CONSTANT      00000013             19
SSPCON                            CONSTANT      00000014             20
SSPCON2                           CONSTANT      00000091            145
SSPEN                             CONSTANT      00000005              5
SSPIE                             CONSTANT      00000003              3
SSPIF                             CONSTANT      00000003              3
SSPM0                             CONSTANT      00000000              0
SSPM1                             CONSTANT      00000001              1
SSPM2                             CONSTANT      00000002              2
SSPM3                             CONSTANT      00000003              3
SSPOV                             CONSTANT      00000006              6
SSPSTAT                           CONSTANT      00000094            148
STATUS                            CONSTANT      00000003              3
STK00                             EXTERNAL      00000000              0
STK01                             EXTERNAL      00000000              0
STK02                             EXTERNAL      00000000              0
STK03                             EXTERNAL      00000000              0
STK04                             EXTERNAL      00000000              0
STK05                             EXTERNAL      00000000              0
STK06                             EXTERNAL      00000000              0
STK07                             EXTERNAL      00000000              0
STK08                             EXTERNAL      00000000              0
STK09                             EXTERNAL      00000000              0
STK10                             EXTERNAL      00000000              0
STK11                             EXTERNAL      00000000              0
STK12                             EXTERNAL      00000000              0
SYNC                              CONSTANT      00000004              4
T0CS                              CONSTANT      00000005              5
T0IE                              CONSTANT      00000005              5
T0IF                              CONSTANT      00000002              2
T0SE                              CONSTANT      00000004              4
T1CKPS0                           CONSTANT      00000004              4
T1CKPS1                           CONSTANT      00000005              5
T1CON                             CONSTANT      00000010             16
T1INSYNC                          CONSTANT      00000002              2
T1OSCEN                           CONSTANT      00000003              3
T1SYNC                            CONSTANT      00000002              2
T2CKPS0                           CONSTANT      00000000              0
T2CKPS1                           CONSTANT      00000001              1
T2CON                             CONSTANT      00000012             18
TMR0                              CONSTANT      00000001              1
TMR0IE                            CONSTANT      00000005              5
TMR0IF                            CONSTANT      00000002              2
TMR1                              CONSTANT      0000000E             14
TMR1CS                            CONSTANT      00000001              1
TMR1H                             CONSTANT      0000000F             15
TMR1IE                            CONSTANT      00000000              0
TMR1IF                            CONSTANT      00000000              0
TMR1L                             CONSTANT      0000000E             14
TMR1ON                            CONSTANT      00000000              0
gpasm-1.5.0 #1285 (Sep 12 2016) obj\Debug\uti   7-19-2020  03:04:23         PAGE 13


SYMBOL TABLE
  LABEL                              TYPE        VALUE         VALUE          VALUE
                                                 (hex)         (dec)          (text)

TMR2                              CONSTANT      00000011             17
TMR2IE                            CONSTANT      00000001              1
TMR2IF                            CONSTANT      00000001              1
TMR2ON                            CONSTANT      00000002              2
TOUTPS0                           CONSTANT      00000003              3
TOUTPS1                           CONSTANT      00000004              4
TOUTPS2                           CONSTANT      00000005              5
TOUTPS3                           CONSTANT      00000006              6
TRISA                             CONSTANT      00000085            133
TRISA0                            CONSTANT      00000000              0
TRISA1                            CONSTANT      00000001              1
TRISA2                            CONSTANT      00000002              2
TRISA3                            CONSTANT      00000003              3
TRISA4                            CONSTANT      00000004              4
TRISA5                            CONSTANT      00000005              5
TRISB                             CONSTANT      00000086            134
TRISB0                            CONSTANT      00000000              0
TRISB1                            CONSTANT      00000001              1
TRISB2                            CONSTANT      00000002              2
TRISB3                            CONSTANT      00000003              3
TRISB4                            CONSTANT      00000004              4
TRISB5                            CONSTANT      00000005              5
TRISB6                            CONSTANT      00000006              6
TRISB7                            CONSTANT      00000007              7
TRISC                             CONSTANT      00000087            135
TRISC0                            CONSTANT      00000000              0
TRISC1                            CONSTANT      00000001              1
TRISC2                            CONSTANT      00000002              2
TRISC3                            CONSTANT      00000003              3
TRISC4                            CONSTANT      00000004              4
TRISC5                            CONSTANT      00000005              5
TRISC6                            CONSTANT      00000006              6
TRISC7                            CONSTANT      00000007              7
TRISD                             CONSTANT      00000088            136
TRISD0                            CONSTANT      00000000              0
TRISD1                            CONSTANT      00000001              1
TRISD2                            CONSTANT      00000002              2
TRISD3                            CONSTANT      00000003              3
TRISD4                            CONSTANT      00000004              4
TRISD5                            CONSTANT      00000005              5
TRISD6                            CONSTANT      00000006              6
TRISD7                            CONSTANT      00000007              7
TRISE                             CONSTANT      00000089            137
TRISE0                            CONSTANT      00000000              0
TRISE1                            CONSTANT      00000001              1
TRISE2                            CONSTANT      00000002              2
TRMT                              CONSTANT      00000001              1
TX8_9                             CONSTANT      00000006              6
TX9                               CONSTANT      00000006              6
TX9D                              CONSTANT      00000000              0
TXD8                              CONSTANT      00000000              0
TXEN                              CONSTANT      00000005              5
gpasm-1.5.0 #1285 (Sep 12 2016) obj\Debug\uti   7-19-2020  03:04:23         PAGE 14


SYMBOL TABLE
  LABEL                              TYPE        VALUE         VALUE          VALUE
                                                 (hex)         (dec)          (text)

TXIE                              CONSTANT      00000004              4
TXIF                              CONSTANT      00000004              4
TXREG                             CONSTANT      00000019             25
TXSTA                             CONSTANT      00000098            152
UA                                CONSTANT      00000001              1
W                                 CONSTANT      00000000              0
WCOL                              CONSTANT      00000007              7
WR                                CONSTANT      00000001              1
WREN                              CONSTANT      00000002              2
WRERR                             CONSTANT      00000003              3
WSAVE                             EXTERNAL      00000000              0
Z                                 CONSTANT      00000002              2
_00109_DS_                        ADDRESS       00000017             23
_00111_DS_                        ADDRESS       00000005              5
_00113_DS_                        ADDRESS       0000002E             46
_00132_DS_                        ADDRESS       00000010             16
_BODEN_OFF                        CONSTANT      00003FBF          16319
_BODEN_ON                         CONSTANT      00003FFF          16383
_BOREN_OFF                        CONSTANT      00003FBF          16319
_BOREN_ON                         CONSTANT      00003FFF          16383
_CONFIG                           CONSTANT      00002007           8199
_CPD_OFF                          CONSTANT      00003FFF          16383
_CPD_ON                           CONSTANT      00003EFF          16127
_CP_ALL                           CONSTANT      00001FFF           8191
_CP_OFF                           CONSTANT      00003FFF          16383
_CP_ON                            CONSTANT      00001FFF           8191
_DEBUG_OFF                        CONSTANT      00003FFF          16383
_DEBUG_ON                         CONSTANT      000037FF          14335
_DEVID1                           CONSTANT      00002006           8198
_FOSC_EXTRC                       CONSTANT      00003FFF          16383
_FOSC_HS                          CONSTANT      00003FFE          16382
_FOSC_LP                          CONSTANT      00003FFC          16380
_FOSC_XT                          CONSTANT      00003FFD          16381
_HS_OSC                           CONSTANT      00003FFE          16382
_IDLOC0                           CONSTANT      00002000           8192
_IDLOC1                           CONSTANT      00002001           8193
_IDLOC2                           CONSTANT      00002002           8194
_IDLOC3                           CONSTANT      00002003           8195
_LP_OSC                           CONSTANT      00003FFC          16380
_LVP_OFF                          CONSTANT      00003F7F          16255
_LVP_ON                           CONSTANT      00003FFF          16383
_PWRTE_OFF                        CONSTANT      00003FFF          16383
_PWRTE_ON                         CONSTANT      00003FF7          16375
_RC_OSC                           CONSTANT      00003FFF          16383
_UTIL_DelayMS                     GLOBAL        00000000              0
_WDTE_OFF                         CONSTANT      00003FFB          16379
_WDTE_ON                          CONSTANT      00003FFF          16383
_WDT_OFF                          CONSTANT      00003FFB          16379
_WDT_ON                           CONSTANT      00003FFF          16383
_WRT_1FOURTH                      CONSTANT      00003BFF          15359
_WRT_256                          CONSTANT      00003DFF          15871
_WRT_HALF                         CONSTANT      000039FF          14847
gpasm-1.5.0 #1285 (Sep 12 2016) obj\Debug\uti   7-19-2020  03:04:23         PAGE 15


SYMBOL TABLE
  LABEL                              TYPE        VALUE         VALUE          VALUE
                                                 (hex)         (dec)          (text)

_WRT_OFF                          CONSTANT      00003FFF          16383
_XT_OSC                           CONSTANT      00003FFD          16381
__14_BIT                          CONSTANT      00000001              1
__16F877A                         CONSTANT      00000001              1
__ACTIVE_BANK_ADDR                VARIABLE      FFFFFFFF             -1
__ACTIVE_PAGE_ADDR                VARIABLE      FFFFFFFF             -1
__ASSUMED_BANK_ADDR               VARIABLE      FFFFFFFF             -1
__BANK_0                          CONSTANT      00000000              0
__BANK_1                          CONSTANT      00000080            128
__BANK_2                          CONSTANT      00000100            256
__BANK_3                          CONSTANT      00000180            384
__BANK_BITS                       CONSTANT      00000180            384
__BANK_FIRST                      CONSTANT      00000000              0
__BANK_INV                        CONSTANT      FFFFFFFF             -1
__BANK_LAST                       CONSTANT      00000180            384
__BANK_MASK                       CONSTANT      0000007F            127
__BANK_SHIFT                      CONSTANT      00000007              7
__BANK_SIZE                       CONSTANT      00000080            128
__CODE_END                        CONSTANT      00001FFF           8191
__CODE_START                      CONSTANT      00000000              0
__COMMON_RAM_END                  CONSTANT      0000007F            127
__COMMON_RAM_START                CONSTANT      00000070            112
__CONFIG_END                      CONSTANT      00002007           8199
__CONFIG_START                    CONSTANT      00002007           8199
__EEPROM_END                      CONSTANT      000021FF           8703
__EEPROM_START                    CONSTANT      00002100           8448
__GPUTILS_SVN_VERSION             CONSTANT      00000505           1285
__GPUTILS_VERSION_MAJOR           CONSTANT      00000001              1
__GPUTILS_VERSION_MICRO           CONSTANT      00000000              0
__GPUTILS_VERSION_MINOR           CONSTANT      00000005              5
__IDLOCS_END                      CONSTANT      00002003           8195
__IDLOCS_START                    CONSTANT      00002000           8192
__NUM_BANKS                       CONSTANT      00000004              4
__NUM_PAGES                       CONSTANT      00000004              4
__PAGE_0                          CONSTANT      00000000              0
__PAGE_1                          CONSTANT      00000800           2048
__PAGE_2                          CONSTANT      00001000           4096
__PAGE_3                          CONSTANT      00001800           6144
__PAGE_BITS                       CONSTANT      00001800           6144
__PAGE_FIRST                      CONSTANT      00000000              0
__PAGE_INV                        CONSTANT      FFFFFFFF             -1
__PAGE_LAST                       CONSTANT      00001800           6144
__PAGE_MASK                       CONSTANT      000007FF           2047
__PAGE_SHIFT                      CONSTANT      0000000B             11
__PAGE_SIZE                       CONSTANT      00000800           2048
__VECTOR_INT                      CONSTANT      00000004              4
__VECTOR_RESET                    CONSTANT      00000000              0
__WHILE_LOOP_COUNT_MAX            CONSTANT      000000FF            255
r0x1000                           STATIC        00000000              0
r0x1001                           STATIC        00000001              1
r0x1002                           STATIC        00000002              2
r0x1003                           STATIC        00000003              3
gpasm-1.5.0 #1285 (Sep 12 2016) obj\Debug\uti   7-19-2020  03:04:23         PAGE 16


SYMBOL TABLE
  LABEL                              TYPE        VALUE         VALUE          VALUE
                                                 (hex)         (dec)          (text)

r0x1004                           STATIC        00000004              4
r0x1005                           STATIC        00000005              5
r0x1006                           STATIC        00000006              6

Errors   :     0
Warnings :     0 reported,     0 suppressed
Messages :     0 reported,     0 suppressed

